<?xml version="1.0" encoding="UTF-8"?>
<!-- Generated by org.testng.reporters.JUnitXMLReporter -->
<testsuite hostname="DESKTOP-MAA35J2" ignored="0" name="Test" tests="6" failures="0" timestamp="18 Jul 2020 13:09:16 GMT" time="97.019" errors="0">
  <testcase name="openurl" time="9.55" classname="com.testdemo.test_demo.NewTest"/>
  <testcase name="register" time="8.175" classname="com.testdemo.test_demo.NewTest"/>
  <testcase name="details" time="5.028" classname="com.testdemo.test_demo.NewTest"/>
  <testcase name="login" time="11.305" classname="com.testdemo.test_demo.NewTest"/>
  <testcase name="search" time="3.186" classname="com.testdemo.test_demo.NewTest"/>
  <testcase name="addToCart" time="11.028" classname="com.testdemo.test_demo.NewTest"/>
</testsuite> <!-- Test -->
